2025-04-19 17:10:40 [error]: Error: connect ECONNREFUSED 127.0.0.1:587
    at TCPConnectWrap.afterConnect [as oncomplete] (node:net:1634:16)
2025-04-19 17:10:40 [error]: Error: connect ECONNREFUSED 127.0.0.1:587
    at TCPConnectWrap.afterConnect [as oncomplete] (node:net:1634:16)
2025-04-19 17:10:40 [error]: Error: connect ECONNREFUSED 127.0.0.1:587
    at TCPConnectWrap.afterConnect [as oncomplete] (node:net:1634:16)
2025-04-19 17:31:09 [error]: Error: connect ECONNREFUSED 127.0.0.1:587
    at TCPConnectWrap.afterConnect [as oncomplete] (node:net:1634:16)
2025-04-19 17:31:09 [error]: Error: connect ECONNREFUSED 127.0.0.1:587
    at TCPConnectWrap.afterConnect [as oncomplete] (node:net:1634:16)
2025-04-19 17:31:09 [error]: Error: connect ECONNREFUSED 127.0.0.1:587
    at TCPConnectWrap.afterConnect [as oncomplete] (node:net:1634:16)
2025-04-19 17:32:16 [error]: Error: connect ECONNREFUSED 127.0.0.1:587
    at TCPConnectWrap.afterConnect [as oncomplete] (node:net:1634:16)
2025-04-19 17:32:16 [error]: Error: connect ECONNREFUSED 127.0.0.1:587
    at TCPConnectWrap.afterConnect [as oncomplete] (node:net:1634:16)
2025-04-19 17:32:16 [error]: Error: connect ECONNREFUSED 127.0.0.1:587
    at TCPConnectWrap.afterConnect [as oncomplete] (node:net:1634:16)
2025-04-19 17:57:47 [error]: Error: 000AB758F87F0000:error:0A00010B:SSL routines:ssl3_get_record:wrong version number:../deps/openssl/openssl/ssl/record/ssl3_record.c:355:

2025-04-19 17:57:47 [error]: Error: 000AB758F87F0000:error:0A00010B:SSL routines:ssl3_get_record:wrong version number:../deps/openssl/openssl/ssl/record/ssl3_record.c:355:

2025-04-19 17:57:47 [error]: Error: 000AB758F87F0000:error:0A00010B:SSL routines:ssl3_get_record:wrong version number:../deps/openssl/openssl/ssl/record/ssl3_record.c:355:

2025-04-19 17:58:52 [error]: Error: Invalid login: 534-5.7.9 Application-specific password required. For more information, go to
534 5.7.9  https://support.google.com/mail/?p=InvalidSecondFactor 98e67ed59e1d1-3087e05db51sm2952099a91.43 - gsmtp
    at SMTPConnection._formatError (/Users/shahil/Desktop/RMS-MERN/backend/node_modules/nodemailer/lib/smtp-connection/index.js:809:19)
    at SMTPConnection._actionAUTHComplete (/Users/shahil/Desktop/RMS-MERN/backend/node_modules/nodemailer/lib/smtp-connection/index.js:1588:34)
    at SMTPConnection.<anonymous> (/Users/shahil/Desktop/RMS-MERN/backend/node_modules/nodemailer/lib/smtp-connection/index.js:556:26)
    at SMTPConnection._processResponse (/Users/shahil/Desktop/RMS-MERN/backend/node_modules/nodemailer/lib/smtp-connection/index.js:993:20)
    at SMTPConnection._onData (/Users/shahil/Desktop/RMS-MERN/backend/node_modules/nodemailer/lib/smtp-connection/index.js:774:14)
    at TLSSocket.SMTPConnection._onSocketData (/Users/shahil/Desktop/RMS-MERN/backend/node_modules/nodemailer/lib/smtp-connection/index.js:195:44)
    at TLSSocket.emit (node:events:518:28)
    at TLSSocket.emit (node:domain:489:12)
    at addChunk (node:internal/streams/readable:561:12)
    at readableAddChunkPushByteMode (node:internal/streams/readable:512:3)
2025-04-19 17:58:52 [error]: Error: Invalid login: 534-5.7.9 Application-specific password required. For more information, go to
534 5.7.9  https://support.google.com/mail/?p=InvalidSecondFactor 98e67ed59e1d1-3087e05db51sm2952099a91.43 - gsmtp
    at SMTPConnection._formatError (/Users/shahil/Desktop/RMS-MERN/backend/node_modules/nodemailer/lib/smtp-connection/index.js:809:19)
    at SMTPConnection._actionAUTHComplete (/Users/shahil/Desktop/RMS-MERN/backend/node_modules/nodemailer/lib/smtp-connection/index.js:1588:34)
    at SMTPConnection.<anonymous> (/Users/shahil/Desktop/RMS-MERN/backend/node_modules/nodemailer/lib/smtp-connection/index.js:556:26)
    at SMTPConnection._processResponse (/Users/shahil/Desktop/RMS-MERN/backend/node_modules/nodemailer/lib/smtp-connection/index.js:993:20)
    at SMTPConnection._onData (/Users/shahil/Desktop/RMS-MERN/backend/node_modules/nodemailer/lib/smtp-connection/index.js:774:14)
    at TLSSocket.SMTPConnection._onSocketData (/Users/shahil/Desktop/RMS-MERN/backend/node_modules/nodemailer/lib/smtp-connection/index.js:195:44)
    at TLSSocket.emit (node:events:518:28)
    at TLSSocket.emit (node:domain:489:12)
    at addChunk (node:internal/streams/readable:561:12)
    at readableAddChunkPushByteMode (node:internal/streams/readable:512:3)
2025-04-19 17:58:52 [error]: Error: Invalid login: 534-5.7.9 Application-specific password required. For more information, go to
534 5.7.9  https://support.google.com/mail/?p=InvalidSecondFactor 98e67ed59e1d1-3087e05db51sm2952099a91.43 - gsmtp
    at SMTPConnection._formatError (/Users/shahil/Desktop/RMS-MERN/backend/node_modules/nodemailer/lib/smtp-connection/index.js:809:19)
    at SMTPConnection._actionAUTHComplete (/Users/shahil/Desktop/RMS-MERN/backend/node_modules/nodemailer/lib/smtp-connection/index.js:1588:34)
    at SMTPConnection.<anonymous> (/Users/shahil/Desktop/RMS-MERN/backend/node_modules/nodemailer/lib/smtp-connection/index.js:556:26)
    at SMTPConnection._processResponse (/Users/shahil/Desktop/RMS-MERN/backend/node_modules/nodemailer/lib/smtp-connection/index.js:993:20)
    at SMTPConnection._onData (/Users/shahil/Desktop/RMS-MERN/backend/node_modules/nodemailer/lib/smtp-connection/index.js:774:14)
    at TLSSocket.SMTPConnection._onSocketData (/Users/shahil/Desktop/RMS-MERN/backend/node_modules/nodemailer/lib/smtp-connection/index.js:195:44)
    at TLSSocket.emit (node:events:518:28)
    at TLSSocket.emit (node:domain:489:12)
    at addChunk (node:internal/streams/readable:561:12)
    at readableAddChunkPushByteMode (node:internal/streams/readable:512:3)
2025-04-19 18:03:44 [info]: Email sent to shahilkumar0511@gmail.com
2025-04-19 18:03:44 [info]: OTP sent to shahilkumar0511@gmail.com
2025-04-19 19:34:56 [info]: Email sent to hrpioneer0012@gmail.com
2025-04-19 19:34:56 [info]: OTP sent to hrpioneer0012@gmail.com
2025-04-19 19:34:58 [info]: Email sent to hrpioneer002@gmail.com
2025-04-19 19:34:58 [info]: OTP sent to hrpioneer002@gmail.com
2025-04-19 19:35:15 [warn]: Validation error:
2025-04-19 19:35:21 [warn]: Validation error:
2025-04-19 19:35:23 [warn]: Validation error:
2025-04-19 19:35:24 [warn]: Validation error:
2025-04-19 19:35:25 [warn]: Validation error:
2025-04-24 17:45:26 [info]: Email sent to shahilkumar0511@gmail.com
2025-04-24 17:45:26 [info]: OTP sent to shahilkumar0511@gmail.com
2025-04-24 17:45:48 [warn]: Validation error:
2025-04-24 17:51:23 [info]: Email sent to shahilkumar0511@gmail.com
2025-04-24 17:51:23 [info]: OTP sent to shahilkumar0511@gmail.com
2025-04-24 17:52:10 [warn]: Validation error:
2025-04-24 17:54:24 [warn]: Validation error:
2025-04-24 17:54:30 [warn]: Validation error:
2025-04-24 17:55:04 [info]: Email sent to shahilkumar0511@gmail.com
2025-04-24 17:55:04 [info]: OTP sent to shahilkumar0511@gmail.com
2025-04-24 17:55:21 [warn]: Validation error:
2025-04-24 18:23:48 [warn]: Validation error:
2025-04-25 12:52:20 [info]: Email sent to shahilkumar0511@gmail.com
2025-04-25 12:52:20 [info]: OTP sent to shahilkumar0511@gmail.com
2025-04-25 12:52:43 [warn]: Validation error:
2025-04-25 12:55:34 [info]: Email sent to shahilkumar0511@gmail.com
2025-04-25 12:55:34 [info]: OTP sent to shahilkumar0511@gmail.com
2025-04-25 12:58:04 [info]: Email sent to shahilkumar0511@gmail.com
2025-04-25 12:58:04 [info]: OTP sent to shahilkumar0511@gmail.com
2025-04-25 13:09:21 [info]: Email sent to shahilkumar0511@gmail.com
2025-04-25 13:09:21 [info]: OTP sent to shahilkumar0511@gmail.com
2025-04-25 13:09:44 [info]: Email sent to shahilkumar0511@gmail.com
2025-04-25 13:09:44 [info]: OTP sent to shahilkumar0511@gmail.com
2025-04-25 13:37:37 [error]: Error: Invalid credentials
    at AuthService.<anonymous> (/Users/shahil/Desktop/RMS-MERN/backend/src/services/auth.service.ts:144:15)
    at Generator.next (<anonymous>)
    at fulfilled (/Users/shahil/Desktop/RMS-MERN/backend/src/services/auth.service.ts:5:58)
2025-04-25 13:37:37 [error]: Error: Invalid credentials
    at AuthService.<anonymous> (/Users/shahil/Desktop/RMS-MERN/backend/src/services/auth.service.ts:144:15)
    at Generator.next (<anonymous>)
    at fulfilled (/Users/shahil/Desktop/RMS-MERN/backend/src/services/auth.service.ts:5:58)
2025-04-25 13:39:11 [info]: Email sent to createadress1@gmail.com
2025-04-25 13:39:11 [info]: OTP sent to createadress1@gmail.com
2025-04-25 13:39:30 [warn]: Validation error:
2025-04-25 13:49:00 [info]: Email sent to shahilkumar0511@gmail.com
2025-04-25 13:49:00 [info]: OTP sent to shahilkumar0511@gmail.com
2025-04-25 13:49:15 [error]: Registration error:
2025-04-25 13:49:15 [error]: Error: Registration session expired. Please start again.
    at AuthService.<anonymous> (/Users/shahil/Desktop/RMS-MERN/backend/src/services/auth.service.ts:87:15)
    at Generator.next (<anonymous>)
    at fulfilled (/Users/shahil/Desktop/RMS-MERN/backend/src/services/auth.service.ts:5:58)
    at processTicksAndRejections (node:internal/process/task_queues:105:5)
2025-04-25 14:02:21 [info]: Email sent to shahilkumar0511@gmail.com
2025-04-25 14:02:21 [info]: OTP sent to shahilkumar0511@gmail.com
2025-04-25 14:02:35 [info]: User registered: shahilkumar0511@gmail.com
2025-04-25 14:02:38 [error]: Registration error:
2025-04-25 14:02:38 [error]: Error: Invalid or expired OTP
    at AuthService.<anonymous> (/Users/shahil/Desktop/RMS-MERN/backend/src/services/auth.service.ts:81:15)
    at Generator.next (<anonymous>)
    at fulfilled (/Users/shahil/Desktop/RMS-MERN/backend/src/services/auth.service.ts:5:58)
    at processTicksAndRejections (node:internal/process/task_queues:105:5)
2025-04-25 14:11:35 [info]: User logged in: shahilkumar0511@gmail.com
2025-04-25 15:44:42 [info]: Email sent to createadress1@gmail.com
2025-04-25 15:44:42 [info]: OTP sent to createadress1@gmail.com
2025-04-25 15:45:08 [info]: User registered: createadress1@gmail.com
2025-04-25 15:48:47 [info]: User logged in: createadress1@gmail.com
2025-04-25 16:35:59 [info]: User logged in: shahilkumar0511@gmail.com
2025-04-25 16:49:02 [info]: User logged in: shahilkumar0511@gmail.com
2025-04-25 16:52:39 [info]: Email sent to kshamasharma585@gmail.com
2025-04-25 16:52:39 [info]: OTP sent to kshamasharma585@gmail.com
2025-04-25 16:52:51 [info]: User registered: kshamasharma585@gmail.com
2025-04-25 16:53:07 [info]: User logged in: kshamasharma585@gmail.com
2025-04-28 13:21:52 [info]: User logged in: shahilkumar0511@gmail.com
2025-04-28 13:24:25 [info]: User logged in: shahilkumar0511@gmail.com
2025-04-28 13:30:23 [info]: User logged in: shahilkumar0511@gmail.com
2025-04-28 13:31:18 [info]: User logged in: shahilkumar0511@gmail.com
2025-04-28 13:31:30 [error]: Error: Invalid credentials
    at AuthService.<anonymous> (/Users/shahil/Desktop/RMS/pioneer-rms-pos/backend/src/services/auth.service.ts:150:15)
    at Generator.next (<anonymous>)
    at fulfilled (/Users/shahil/Desktop/RMS/pioneer-rms-pos/backend/src/services/auth.service.ts:5:58)
2025-04-28 13:31:30 [error]: Error: Invalid credentials
    at AuthService.<anonymous> (/Users/shahil/Desktop/RMS/pioneer-rms-pos/backend/src/services/auth.service.ts:150:15)
    at Generator.next (<anonymous>)
    at fulfilled (/Users/shahil/Desktop/RMS/pioneer-rms-pos/backend/src/services/auth.service.ts:5:58)
2025-04-28 13:36:20 [info]: User logged in: shahilkumar0511@gmail.com
2025-04-28 13:40:44 [info]: User logged in: shahilkumar0511@gmail.com
2025-04-28 13:41:36 [info]: User logged in: shahilkumar0511@gmail.com
2025-04-28 13:42:02 [info]: User logged in: shahilkumar0511@gmail.com
2025-04-28 13:42:32 [info]: Email sent to hrpioneer0012@gmail.com
2025-04-28 13:42:32 [info]: OTP sent to hrpioneer0012@gmail.com
2025-04-28 13:43:00 [info]: User registered: hrpioneer0012@gmail.com
2025-04-28 13:43:08 [info]: User logged in: hrpioneer0012@gmail.com
